==6689== Invalid write of size 1
==6689==    at 0x1094D5: tokenize (tokens.c:57)
==6689==    by 0x109184: main (nush.c:101)
==6689==  Address 0x522f174 is 0 bytes after a block of size 4 alloc'd
==6689==    at 0x4C2FB0F: malloc (in /usr/lib/valgrind/vgpreload_memcheck-amd64-linux.so)
==6689==    by 0x109484: tokenize (tokens.c:53)
==6689==    by 0x109184: main (nush.c:101)
==6689== 
==6689== Invalid read of size 1
==6689==    at 0x4C32D04: strlen (in /usr/lib/valgrind/vgpreload_memcheck-amd64-linux.so)
==6689==    by 0x4ED99AD: strdup (strdup.c:41)
==6689==    by 0x108D28: svec_put (svec.c:46)
==6689==    by 0x108DB9: svec_push_back (svec.c:60)
==6689==    by 0x1094EA: tokenize (tokens.c:58)
==6689==    by 0x109184: main (nush.c:101)
==6689==  Address 0x522f174 is 0 bytes after a block of size 4 alloc'd
==6689==    at 0x4C2FB0F: malloc (in /usr/lib/valgrind/vgpreload_memcheck-amd64-linux.so)
==6689==    by 0x109484: tokenize (tokens.c:53)
==6689==    by 0x109184: main (nush.c:101)
==6689== 
==6689== Invalid read of size 1
==6689==    at 0x4C36788: memmove (in /usr/lib/valgrind/vgpreload_memcheck-amd64-linux.so)
==6689==    by 0x108D28: svec_put (svec.c:46)
==6689==    by 0x108DB9: svec_push_back (svec.c:60)
==6689==    by 0x1094EA: tokenize (tokens.c:58)
==6689==    by 0x109184: main (nush.c:101)
==6689==  Address 0x522f174 is 0 bytes after a block of size 4 alloc'd
==6689==    at 0x4C2FB0F: malloc (in /usr/lib/valgrind/vgpreload_memcheck-amd64-linux.so)
==6689==    by 0x109484: tokenize (tokens.c:53)
==6689==    by 0x109184: main (nush.c:101)
==6689== 
==6689== Invalid read of size 2
==6689==    at 0x4C3675F: memmove (in /usr/lib/valgrind/vgpreload_memcheck-amd64-linux.so)
==6689==    by 0x108D28: svec_put (svec.c:46)
==6689==    by 0x108DB9: svec_push_back (svec.c:60)
==6689==    by 0x1094EA: tokenize (tokens.c:58)
==6689==    by 0x109184: main (nush.c:101)
==6689==  Address 0x522f214 is 4 bytes inside a block of size 5 alloc'd
==6689==    at 0x4C2FB0F: malloc (in /usr/lib/valgrind/vgpreload_memcheck-amd64-linux.so)
==6689==    by 0x109484: tokenize (tokens.c:53)
==6689==    by 0x109184: main (nush.c:101)
==6689== 
==6689== 32 bytes in 1 blocks are definitely lost in loss record 1 of 2
==6689==    at 0x4C2FB0F: malloc (in /usr/lib/valgrind/vgpreload_memcheck-amd64-linux.so)
==6689==    by 0x109552: make_tree (tree.c:15)
==6689==    by 0x10919A: main (nush.c:104)
==6689== 
==6689== 32 bytes in 1 blocks are definitely lost in loss record 2 of 2
==6689==    at 0x4C2FB0F: malloc (in /usr/lib/valgrind/vgpreload_memcheck-amd64-linux.so)
==6689==    by 0x109567: make_tree (tree.c:16)
==6689==    by 0x10919A: main (nush.c:104)
==6689== 
